<?xml version="1.0" encoding="UTF-8"?>
<testng-results ignored="0" total="1" passed="1" failed="0" skipped="0">
  <reporter-output>
  </reporter-output>
  <suite started-at="2024-03-20T00:41:52 IST" name="Default suite" finished-at="2024-03-20T00:42:00 IST" duration-ms="7507">
    <groups>
    </groups>
    <test started-at="2024-03-20T00:41:52 IST" name="Default test" finished-at="2024-03-20T00:42:00 IST" duration-ms="7507">
      <class name="srk.Loginpage">
        <test-method is-config="true" signature="setup()[pri:0, instance:srk.Loginpage@306f16f3]" started-at="2024-03-20T00:41:52 IST" name="setup" finished-at="2024-03-20T00:41:59 IST" duration-ms="6748" status="PASS">
          <reporter-output>
          </reporter-output>
        </test-method> <!-- setup -->
        <test-method signature="verifytitle()[pri:0, instance:srk.Loginpage@306f16f3]" started-at="2024-03-20T00:41:59 IST" name="verifytitle" finished-at="2024-03-20T00:41:59 IST" duration-ms="44" status="PASS">
          <reporter-output>
          </reporter-output>
        </test-method> <!-- verifytitle -->
        <test-method is-config="true" signature="tear()[pri:0, instance:srk.Loginpage@306f16f3]" started-at="2024-03-20T00:41:59 IST" name="tear" finished-at="2024-03-20T00:42:00 IST" duration-ms="642" status="PASS">
          <reporter-output>
          </reporter-output>
        </test-method> <!-- tear -->
      </class> <!-- srk.Loginpage -->
    </test> <!-- Default test -->
  </suite> <!-- Default suite -->
</testng-results>
